<?xml version="1.0" encoding="UTF-8"?>
<!-- Generated by org.testng.reporters.JUnitReportReporter -->
<testsuite hostname="DESKTOP-P686UQ3" failures="0" tests="11" name="homepage.myTestCases" time="17.740" errors="0" timestamp="2024-08-24T06:28:51 EET" skipped="0">
  <testcase classname="homepage.myTestCases" name="CheckTheDefaultLanguageIsEnglish" time="0.050"/>
  <system-out/>
  <testcase classname="homepage.myTestCases" name="CheckdefaultCurrency" time="0.073"/>
  <system-out/>
  <testcase classname="homepage.myTestCases" name="ExpectedContactNumber" time="0.029"/>
  <system-out/>
  <testcase classname="homepage.myTestCases" name="CheckQitafLogo" time="0.072"/>
  <system-out/>
  <testcase classname="homepage.myTestCases" name="Checkhotelisselected" time="0.041"/>
  <system-out/>
  <testcase classname="homepage.myTestCases" name="CheckDepatureDate" time="0.059"/>
  <system-out/>
  <testcase classname="homepage.myTestCases" name="RandomlyChangeTheLanguage" time="1.554"/>
  <system-out/>
  <testcase classname="homepage.myTestCases" name="FillHotelTab" time="0.564"/>
  <system-out/>
  <testcase classname="homepage.myTestCases" name="RandomlySelectTheNumberOfVistor" time="3.665"/>
  <system-out/>
  <testcase classname="homepage.myTestCases" name="CheckThePageFullyLoaded" time="10.680"/>
  <system-out/>
  <testcase classname="homepage.myTestCases" name="SortItem" time="0.953"/>
  <system-out/>
</testsuite> <!-- homepage.myTestCases -->
