<?xml version="1.0" encoding="UTF-8"?>
<!-- Generated by org.testng.reporters.JUnitReportReporter -->
<testsuite hostname="DESKTOP-P686UQ3" failures="0" tests="11" name="homepage.myTestCases" time="21.196" errors="0" timestamp="2024-08-24T06:19:39 EET" skipped="0">
  <testcase classname="homepage.myTestCases" name="CheckTheDefaultLanguageIsEnglish" time="0.045"/>
  <system-out/>
  <testcase classname="homepage.myTestCases" name="CheckdefaultCurrency" time="0.068"/>
  <system-out/>
  <testcase classname="homepage.myTestCases" name="ExpectedContactNumber" time="0.032"/>
  <system-out/>
  <testcase classname="homepage.myTestCases" name="CheckQitafLogo" time="0.066"/>
  <system-out/>
  <testcase classname="homepage.myTestCases" name="Checkhotelisselected" time="0.034"/>
  <system-out/>
  <testcase classname="homepage.myTestCases" name="CheckDepatureDate" time="0.049"/>
  <system-out/>
  <testcase classname="homepage.myTestCases" name="RandomlyChangeTheLanguage" time="1.321"/>
  <system-out/>
  <testcase classname="homepage.myTestCases" name="FillHotelTab" time="0.566"/>
  <system-out/>
  <testcase classname="homepage.myTestCases" name="RandomlySelectTheNumberOfVistor" time="3.435"/>
  <system-out/>
  <testcase classname="homepage.myTestCases" name="CheckThePageFullyLoaded" time="14.864"/>
  <system-out/>
  <testcase classname="homepage.myTestCases" name="SortItem" time="0.716"/>
  <system-out/>
</testsuite> <!-- homepage.myTestCases -->
