<?xml version="1.0" encoding="UTF-8"?>
<!-- Generated by org.testng.reporters.JUnitReportReporter -->
<testsuite hostname="DESKTOP-P686UQ3" failures="0" tests="11" name="homepage.myTestCases" time="20.232" errors="0" timestamp="2024-08-21T04:17:41 EET" skipped="0">
  <testcase classname="homepage.myTestCases" name="CheckTheDefaultLanguageIsEnglish" time="0.072"/>
  <system-out/>
  <testcase classname="homepage.myTestCases" name="CheckdefaultCurrency" time="0.057"/>
  <system-out/>
  <testcase classname="homepage.myTestCases" name="ExpectedContactNumber" time="0.059"/>
  <system-out/>
  <testcase classname="homepage.myTestCases" name="CheckQitafLogo" time="0.139"/>
  <system-out/>
  <testcase classname="homepage.myTestCases" name="Checkhotelisselected" time="0.031"/>
  <system-out/>
  <testcase classname="homepage.myTestCases" name="CheckDepatureDate" time="0.160"/>
  <system-out/>
  <testcase classname="homepage.myTestCases" name="RandomlyChangeTheLanguage" time="2.332"/>
  <system-out/>
  <testcase classname="homepage.myTestCases" name="FillHotelTab" time="1.595"/>
  <system-out/>
  <testcase classname="homepage.myTestCases" name="RandomlySelectTheNumberOfVistor" time="4.587"/>
  <system-out/>
  <testcase classname="homepage.myTestCases" name="CheckThePageFullyLoaded" time="10.511"/>
  <system-out/>
  <testcase classname="homepage.myTestCases" name="SortItem" time="0.689"/>
  <system-out/>
</testsuite> <!-- homepage.myTestCases -->
